Arguments: 
  /usr/local/bin/node /opt/yarn-v1.9.4/bin/yarn.js add phantomjs-prebuilt ^2.1.8

PATH: 
  /usr/local/sbin:/usr/local/bin:/usr/sbin:/usr/bin:/sbin:/bin

Yarn version: 
  1.9.4

Node version: 
  8.12.0

Platform: 
  linux x64

Trace: 
  Error: https://registry.yarnpkg.com/%5E2.1.8: Not found
      at Request.params.callback [as _callback] (/opt/yarn-v1.9.4/lib/cli.js:64202:18)
      at Request.self.callback (/opt/yarn-v1.9.4/lib/cli.js:137468:22)
      at emitTwo (events.js:126:13)
      at Request.emit (events.js:214:7)
      at Request.<anonymous> (/opt/yarn-v1.9.4/lib/cli.js:138440:10)
      at emitOne (events.js:116:13)
      at Request.emit (events.js:211:7)
      at IncomingMessage.<anonymous> (/opt/yarn-v1.9.4/lib/cli.js:138362:12)
      at Object.onceWrapper (events.js:313:30)
      at emitNone (events.js:111:20)

npm manifest: 
  {
    "name": "frontend",
    "version": "0.0.0",
    "dependencies": {
      "angular": "~1.4.0",
      "angular-bootstrap": "~0.12.2",
      "angular-local-storage": "~0.7.1",
      "angular-sanitize": "~1.4.0",
      "angular-ui-ace": "https://github.com/angular-ui/ui-ace",
      "bootstrap": "~3.2.0",
      "es5-shim": "~3.3.0",
      "grunt": "^0.4.1",
      "inspector-gadget": "^1.0.0",
      "json3": "~3.3.1",
      "jquery": "~2.1.1",
      "ng-json-explorer": "git://github.com/softwaredoug/ng-json-explorer",
      "splainer-search": "2.2.3"
    },
    "devDependencies": {
      "angular-mocks": "~1.4.0",
      "angular-scenario": "~1.4.0",
      "grunt-autoprefixer": "^0.7.3",
      "grunt-concurrent": "^0.5.0",
      "grunt-contrib-clean": "^0.5.0",
      "grunt-contrib-concat": "^0.4.0",
      "grunt-contrib-connect": "^0.7.1",
      "grunt-contrib-copy": "^0.5.0",
      "grunt-contrib-cssmin": "^0.9.0",
      "grunt-contrib-htmlmin": "^0.3.0",
      "grunt-contrib-imagemin": "^0.7.0",
      "grunt-contrib-jshint": "^0.10.0",
      "grunt-contrib-uglify": "^0.4.0",
      "grunt-contrib-watch": "^0.6.1",
      "grunt-filerev": "^0.2.1",
      "grunt-karma": "^0.12.0",
      "grunt-newer": "^0.7.0",
      "grunt-ngmin": "^0.0.3",
      "grunt-svgmin": "^0.4.0",
      "grunt-usemin": "^2.1.1",
      "grunt-wiredep": "1.8.0",
      "jshint-stylish": "^0.2.0",
      "karma": "~0.13.22",
      "karma-coverage": "~0.5.5",
      "karma-chrome-launcher": "^0.1.4",
      "karma-jasmine": "^0.1.5",
      "karma-phantomjs-launcher": "^0.1.4",
      "load-grunt-tasks": "^0.4.0",
      "time-grunt": "^0.3.1"
    },
    "engines": {
      "node": ">=0.10.0"
    },
    "scripts": {
      "test": "grunt test"
    }
  }

yarn manifest: 
  No manifest

Lockfile: 
  No lockfile
